# Bundle file v0.3
4 354
3240.23974609 0 0
0.999999414126 -1.47801913208e-008 3.03474709806e-008
1.47801913208e-008 -1.0000010019 4.08586497969e-010
-3.03474709806e-008 4.08586497969e-010 -0.999999725441
0.410014117763 0.049422133238 0.862475974982
3244.00195313 0 0
0.823921095598 -0.0405724979372 -0.565249552509
-0.0257390491556 -0.999084168644 0.0341943128161
-0.566119171752 -0.0136244498316 -0.824211189206
1.79198517392 0.00405418175523 0.255183915545
3235.48242188 0 0
0.943774653637 -0.0385915716229 -0.328328201037
-0.0363630524859 -0.999255469709 0.0129267662759
-0.328582359129 -0.000260939009932 -0.944475103171
1.23406939204 0.0142165333279 0.618235777454
3280.52880859 0 0
0.948757579974 0.0438430159495 0.312947400219
0.0438251997674 -0.999014329466 0.0070946895402
0.312949888835 0.00698384553548 -0.949743850646
-0.452317864649 0.0509473888643 0.851182003573
-0.488955500585 -0.553116335869 2.69362594736
49 42 46
2 0 155 -142.644165039 1088.97167969 1 266 -219.656005859 1309.79760742
-0.680173603221 0.00918099121809 2.36783747724
117 118 123
3 0 253 -585.021057129 85.2712402344 1 228 -265.567687988 232.104492188 2 224 -432.356567383 141.506835938
-0.537190705745 -0.599760732316 2.71948911386
48 42 49
2 0 275 -227.805603027 1162.96386719 1 354 -326.610961914 1417.4185791
-0.504373305755 -0.464261237055 2.68835430713
50 43 46
3 0 278 -169.795410156 925.655273438 1 368 -246.040100098 1135.37658691 2 295 -200.837158203 997.47668457
-0.263759825206 -0.345289758514 2.52969185372
37 30 32
3 0 481 284.483276367 774.997680664 1 663 312.271240234 865.638793945 3 655 151.902832031 818.490966797
-0.540889856378 0.00634652064193 2.2797372651
117 117 119
3 0 484 -299.526306152 96.9039306641 1 507 141.786499023 221.759765625 2 444 -60.2800292969 136.634765625
-0.128923099957 -0.276020961716 2.50523544185
39 31 33
4 0 498 561.630615234 651.481811523 1 895 531.135375977 698.010009766 2 541 577.995727539 627.725830078 3 513 416.864013672 715.740722656
-0.176852386599 -0.739343758004 2.57024766922
58 53 60
2 0 558 464.484375 1574.04174805 1 333 430.022094727 1606.41345215
-0.541285299948 -0.467029401154 2.71243148165
44 37 42
3 0 560 -233.413879395 918.835327148 1 613 -333.72479248 1146.80786133 2 502 -279.202941895 999.929443359
-0.522186549471 -0.572302756844 2.71208804466
70 62 64
3 0 583 -200.936157227 1115.4675293 1 687 -294.425964355 1356.41943359 3 1034 -219.791931152 1095.49951172
-0.522095986466 -0.572339113353 2.7119231264
70 62 64
4 0 584 -200.936157227 1115.4675293 1 686 -294.425964355 1356.41943359 2 598 -237.549072266 1200.76733398 3 1033 -219.791931152 1095.49951172
-0.137394278978 -0.286790269786 2.50860190137
61 51 51
4 0 678 544.673217773 671.50793457 1 1239 515.896972656 720.517944336 2 881 561.018188477 651.077270508 3 921 399.421264648 733.052124023
-0.129225578105 -0.344042483485 2.50710229151
47 38 41
3 0 731 563.209716797 788.536254883 1 1008 536.490356445 828.875488281 2 796 580.782470703 760.870605469
-0.405010821027 -0.506870371271 2.63248763865
66 56 57
3 0 785 9.39245605469 1038.49267578 1 1068 -18.0050048828 1205.20263672 2 839 13.31640625 1084.20800781
-0.135470774687 -0.333691201985 2.51242877547
70 60 59
3 0 788 547.838745117 766.010131836 1 1540 518.891601563 807.986694336 2 1036 564.738891602 738.915405273
-0.367961077838 -0.477235947879 2.60841334525
43 35 39
2 0 791 79.5053710938 994.89050293 1 1102 66.4615478516 1140.29052734
-0.151675634567 -0.479387009506 2.53226569975
46 38 42
3 0 819 513.937255859 1052.11425781 1 1177 485.50769043 1091.29980469 2 973 534.097412109 1021.17224121
-0.151675634567 -0.479387009506 2.53226569975
46 38 42
3 0 820 513.937255859 1052.11425781 1 1178 485.50769043 1091.29980469 2 974 534.097412109 1021.17224121
-0.476129765764 0.299207198827 2.21344602106
65 63 63
3 0 872 -160.009033203 -603.858398438 1 1492 340.888549805 -517.486083984 2 1055 115.485839844 -590.646972656
-0.348642515929 -0.415594041583 2.5864085457
52 45 48
3 0 934 116.293334961 886.321166992 1 1275 116.376708984 1017.2265625 2 1222 139.759765625 913.077270508
-0.260557858281 -0.378465987719 2.53072673955
62 53 55
3 0 956 294.390136719 843.284179688 1 1332 317.726928711 931.811035156 2 1111 334.732910156 845.784057617
-0.443041534736 0.293642649056 2.19237434638
59 56 56
3 0 969 -81.4077148438 -599.111083984 1 1551 439.308105469 -507.537841797 2 1072 212.15234375 -585.136230469
-0.138426876726 -0.558511525183 2.5353449601
61 53 58
2 0 983 543.418701172 1215.39819336 1 1344 509.272338867 1242.50976563
-0.559216813051 -0.468671694449 2.73100088995
43 36 40
3 0 1024 -262.826599121 913.150146484 1 855 -382.882751465 1149.00927734 2 915 -319.99230957 998.368164063
-0.496203253928 -0.60648747713 2.70081631739
47 41 46
4 0 1028 -155.381713867 1187.03173828 1 1001 -237.343505859 1420.36560059 2 1051 -182.465637207 1266.87243652 3 1276 -188.23425293 1173.54858398
-0.478900322362 -0.559393188658 2.68409693743
46 39 43
4 0 1096 -124.9453125 1107.77526855 1 1131 -193.346679688 1322.6081543 2 1007 -145.153076172 1179.11462402 3 1300 -165.515991211 1098.89929199
-0.128781244485 -0.195869111497 2.49598939068
49 39 39
4 0 1119 563.314208984 491.401000977 1 1747 535.710205078 545.894287109 2 1224 579.277954102 475.118041992 3 1279 419.384887695 548.784179688
-0.147589051834 -0.343924219254 2.51961948503
44 35 36
4 0 1125 522.922119141 782.084106445 1 1759 492.334960938 829.579833984 2 1333 538.672485352 758.38269043 3 1270 377.863647461 849.981811523
-0.135942838789 -0.243403308641 2.50429685964
65 55 55
2 0 1195 547.186157227 584.585083008 1 2588 519.720336914 637.348876953
-0.306020484925 -0.415715591697 2.5580695195
40 37 40
4 0 1204 202.146728516 902.904785156 1 1305 219.713500977 1013.42199707 2 1311 232.947265625 918.915527344 3 1303 79.6252441406 932.838867188
-0.14432169479 -0.472664823647 2.52866803182
70 62 63
3 0 1228 529.266967773 1039.99389648 1 2067 499.848999023 1076.15588379 3 1108 381.146972656 1125.21459961
-0.478272946534 -0.408670297646 2.67207578434
62 52 53
3 0 1290 -123.979248047 830.045776367 1 1512 -189.293457031 1017.5760498 2 1190 -147.452148438 891.031616211
-0.493064691623 -0.531015728943 2.69206254908
67 58 62
4 0 1319 -150.811401367 1048.81896973 1 1605 -226.784057617 1265.24780273 2 1377 -177.23651123 1122.22680664 3 1663 -180.920227051 1039.46459961
-0.130734837088 -0.237365364776 2.50175576738
44 34 35
3 0 1329 558.965087891 572.701660156 1 2697 529.604370117 625.737548828 3 1347 414.227905273 634.312866211
-0.126611759436 -0.502477364061 2.51936502969
63 54 58
3 0 1351 570.635498047 1109.6385498 1 2158 541.246337891 1134.15649414 2 1465 591.581542969 1069.13635254
-0.501053821417 -0.537037750598 2.69627314506
40 34 38
3 0 1382 -164.342407227 1057.54211426 1 1036 -244.296875 1280.07421875 2 1227 -193.731323242 1134.5246582
-0.407920155282 -0.573000886481 2.6401257262
61 54 56
4 0 1404 3.55700683594 1162.87072754 1 1502 -26.1069335938 1340.68017578 2 1239 8.61755371094 1211.66430664 3 1810 -71.6016845703 1172.2265625
-0.580538778324 -0.534422619712 2.75084806795
45 39 44
3 0 1425 -297.878295898 1023.50195313 1 1283 -435.279907227 1284.37536621 2 1122 -365.85723877 1121.28833008
-0.197133385823 0.0731824884923 2.51804157521
37 27 26
2 0 199 417.984985352 -46.091796875 3 339 311.620361328 -27.0791015625
-0.173120473001 -0.274093002657 2.53018980613
36 28 30
4 0 1448 464.779907227 636.056518555 1 2072 436.685546875 698.439331055 2 1736 477.702026367 623.507202148 3 1695 336.743896484 691.078735352
-0.457852976147 0.0146756095646 2.22617488792
128 130 137
3 0 1462 -113.4296875 82.8975830078 1 2096 384.068237305 190.138671875 2 1621 170.471679688 109.111450195
-0.501498928806 0.00834590015705 2.254642213
82 82 82
2 0 1472 -213.129821777 95.5592041016 1 1822 256.159423828 211.229492188
-0.315708146746 -0.422765151385 2.57038690579
39 32 34
3 0 1510 182.100585938 909.767578125 1 2077 189.047363281 1024.39672852 2 1602 208.226318359 928.553100586
-0.115297436064 -0.210199472415 2.4921170521
44 36 37
3 0 1538 593.333618164 522.131347656 1 3186 561.110473633 571.311157227 3 1571 444.895263672 583.299560547
-0.120040867837 0.0823699335271 2.46991566678
40 30 28
3 0 1545 587.288574219 -66.26171875 1 2439 556.990600586 16.9460449219 2 1985 598.106323242 -61.6955566406
-0.446414271071 0.223031672277 2.20158366234
125 128 133
3 0 1553 -88.5103759766 -421.541992188 1 2239 424.308837891 -327.971435547 2 1596 201.119506836 -405.255615234
-0.674726248763 0.0256373331312 2.36479082259
121 123 127
4 0 1606 -574.653503418 51.4765625 1 1983 -251.930297852 189.682617188 2 1662 -419.103027344 102.122924805 3 2002 -724.025024414 25.744140625
-0.421405571405 -0.535060018437 2.6447362566
58 50 53
3 0 1607 -21.0756835938 1085.15197754 1 2116 -56.1888427734 1264.7824707 2 1832 -21.6431884766 1138.11816406
-0.477048721918 -0.472342006556 2.67732373075
48 39 43
2 0 1616 -121.633056641 946.775512695 1 1898 -188.028564453 1144.79663086
-0.132403083424 -0.520923249816 2.52472128585
48 40 45
2 0 1669 557.434204102 1144.3248291 1 2615 527.524047852 1170.61364746
-0.315843177361 -0.497968146138 2.5748703752
65 55 58
3 0 1701 182.182006836 1057.41333008 1 2395 190.282104492 1176.96044922 2 1751 211.734130859 1075.53845215
-0.316290368892 -0.497405867306 2.57400285148
65 55 58
4 0 1702 182.182006836 1057.41333008 1 2396 190.282104492 1176.96044922 2 1752 211.734130859 1075.53845215 3 2088 61.5045166016 1088.55273438
-0.43285411657 -0.694384519075 2.72814525464
69 62 67
3 0 1719 -41.2967529297 1335.46118164 1 2057 -151.991577148 1548.36096191 2 1696 -79.7276611328 1400.09301758
-0.157665643342 -0.344067467366 2.52617053629
45 35 37
3 0 1720 499.642333984 778.441162109 1 3397 471.228271484 831.0078125 2 1830 513.771362305 758.416015625
-0.267405190264 -0.566235557933 2.5502696378
65 55 60
4 0 1768 281.235351563 1215.13769531 1 2122 302.265136719 1309.76086426 2 1544 324.579101563 1215.98913574 3 2191 136.93371582 1267.84411621
-0.510110975699 -0.481633874541 2.69820818599
55 47 51
3 0 1775 -180.232727051 952.66809082 1 2090 -265.65826416 1168.42749023 2 1874 -213.351745605 1028.19470215
-0.622963441077 0.0139999542088 2.33338661034
92 93 95
3 0 1784 -470.914001465 77.6932373047 1 2477 -100.592163086 212.126220703 2 2023 -283.018798828 124.931640625
-0.147333303524 -0.546554121367 2.53331567942
46 39 43
4 0 1799 524.881958008 1190.63330078 1 2296 497.523803711 1224.15759277 2 1749 549.686767578 1154.90209961 3 2354 372.612670898 1281.97705078
-0.299308669682 0.297431388817 2.43021426647
58 58 58
2 0 137 230.119506836 -512.740234375 3 265 79.3223876953 -517.898193359
-0.596440899135 -0.260742069387 2.73566434514
41 31 33
3 0 1831 -325.164916992 539.799560547 1 1826 -465.492431641 738.673095703 2 1524 -399.563903809 612.657714844
-0.596440899135 -0.260742069387 2.73566434514
41 31 33
3 0 1832 -325.164916992 539.799560547 1 1825 -465.492431641 738.673095703 2 1523 -399.563903809 612.657714844
-0.432486045071 0.221918492666 2.19311962649
118 121 126
3 0 1854 -54.9582519531 -421.345947266 1 2631 464.871704102 -326.903076172 2 2010 241.1015625 -405.174316406
-0.548462045644 -0.40678959778 2.71508089041
61 53 55
3 0 1871 -245.499511719 807.184814453 1 2171 -352.830688477 1024.45690918 2 1997 -295.634643555 885.640991211
-0.104420793752 -0.216598191601 2.48348267035
65 58 59
4 0 1883 618.621826172 538.280639648 1 2826 588.912597656 583.106811523 2 2203 634.770874023 514.758544922 3 1967 464.590454102 603.232299805
-0.236553240121 0.328554542018 2.45417228314
32 28 27
2 0 163 356.025756836 -573.777587891 3 157 224.91796875 -574.282226563
-0.135681527813 -0.488409587851 2.52404266421
61 53 56
3 0 1908 549.421875 1076.30493164 1 3069 520.013183594 1107.8684082 2 2611 570.727783203 1040.01904297
-0.485194327916 0.298528992094 2.22040000169
58 57 57
4 0 1937 -180.82421875 -598.239990234 1 2948 312.629272461 -514.684570313 2 2035 87.8989257813 -586.852783203 3 2405 -481.737854004 -594.878417969
-0.176815542485 -0.164455944883 2.52368967978
44 34 34
3 0 1940 458.683837891 421.227539063 1 2666 428.693115234 490.076293945 3 2035 334.100952148 463.905029297
-0.423427558267 -0.456644088827 2.64078799326
68 58 58
3 0 2044 -24.7893066406 936.839233398 1 2619 -61.1502685547 1106.25756836 2 2149 -28.4571533203 985.391357422
-0.65903984923 0.0156348726377 2.35512045324
112 112 115
3 0 2052 -543.299804688 71.8150634766 1 1557 -204.842224121 213.943725586 2 1614 -377.939575195 124.067138672
-0.527712035245 0.00881609068547 2.27152618484
98 97 99
3 0 2090 -270.84777832 93.3101806641 1 2162 179.694335938 213.410400391 2 1765 -24.5828857422 128.858520508
-0.145683608579 -0.207650861381 2.51098092989
41 31 31
2 0 2100 524.548217773 510.725463867 1 3548 493.676879883 568.94140625
-0.0985185715847 0.107103675376 2.45500849504
63 49 48
2 0 2145 638.601928711 -117.911621094 1 3866 606.497802734 -31.7009277344
-0.0985185715847 0.107103675376 2.45500849504
63 49 48
2 0 2146 638.601928711 -117.911621094 1 3867 606.497802734 -31.7009277344
-0.432243957326 0.299549130889 2.18688724407
48 45 44
3 0 2149 -54.5069580078 -616.355712891 1 2531 469.236206055 -523.555175781 2 1878 240.551269531 -601.614013672
-0.489793309902 -0.0125789240827 2.24924590831
114 116 121
3 0 2157 -186.241882324 146.804077148 1 2298 289.750976563 260.251464844 2 1817 80.4812011719 176.518066406
-0.453377372631 -0.553208957112 2.6681857011
65 57 61
2 0 2245 -79.5382080078 1105.56982422 1 2961 -133.201782227 1305.74951172
-0.559557940016 0.0123518511101 2.29161507278
107 107 109
3 0 2256 -339.437316895 83.6911621094 1 3029 86.9567871094 208.318969727 2 2323 -112.130737305 123.626953125
-0.542630690561 0.0154922962578 2.28014796229
49 45 43
3 0 2280 -303.738220215 78.7987060547 1 1550 136.530273438 196.782714844 2 1884 -64.9952392578 114.998168945
-0.465158492327 -0.565716123996 2.67845780448
45 38 41
2 0 2299 -100.768310547 1123.66943359 1 2326 -162.978881836 1331.37963867
-0.143317638409 -0.237083551733 2.50834374173
63 52 53
3 0 2307 531.041015625 570.389160156 1 2923 503.24230957 625.604736328 3 1901 390.799316406 628.359619141
-0.455713439266 0.304820928077 2.19966191097
67 64 63
3 0 2349 -111.744506836 -623.635498047 1 3584 402.301391602 -534.603027344 2 2982 174.569946289 -610.189941406
-0.176191932333 -0.505082199255 2.55021053058
45 37 40
2 0 2352 460.658569336 1090.8026123 1 3082 430.115234375 1144.60229492
-0.194385829565 0.276086740092 2.50891507493
34 26 24
2 0 118 427.305908203 -449.526855469 3 141 332.809204102 -446.644287109
-0.188161450839 -0.0696501327289 2.53034899098
41 31 30
2 0 58 432.90612793 233.084838867 3 77 322.581176758 265.200317383
-0.497351452732 -0.0527012141338 2.25637711078
113 115 117
3 0 2384 -203.274353027 238.834106445 1 2353 268.175537109 360.186889648 2 1803 61.8057861328 273.708862305
-0.696349088224 0.312988308148 2.36716349689
22 22 22
2 0 40 -624.623779297 -573.637207031 2 23 -499.845458984 -572.165039063
-0.159361549647 -0.45681591634 2.53306016437
68 58 57
2 0 162 497.318481445 1005.03271484 2 218 517.583374023 977.067626953
-0.684522906779 0.175843649522 2.35502001503
119 120 124
2 0 194 -600.651916504 -277.857910156 2 191 -451.778869629 -248.703613281
-0.292270228068 -0.478134736274 2.55010141427
44 35 38
2 0 206 230.770263672 1032.86315918 2 202 271.764404297 1044.66699219
-0.369724164949 -0.608594630851 2.61321002253
43 37 39
2 0 234 76.7722167969 1252.87133789 2 309 97.6307373047 1291.25585938
-0.174125790804 -0.343439920153 2.53586328233
41 31 32
2 0 243 463.474121094 772.189331055 2 285 477.731567383 756.266113281
-0.568444993698 -0.105670892905 2.62352361544
113 114 116
2 0 258 -292.511901855 289.015014648 2 170 -310.101989746 335.87487793
-0.568444993698 -0.105670892905 2.62352361544
113 114 116
2 0 259 -292.511901855 289.015014648 2 171 -310.101989746 335.87487793
-0.322712657643 -0.477735276874 2.57890113288
44 35 36
3 0 337 167.965942383 1015.38867188 2 385 194.816040039 1034.6295166 1 449 172.599731445 1134.94287109
-0.322822955754 -0.477856268483 2.5780864399
44 35 36
4 0 338 167.965942383 1015.38867188 2 386 194.816040039 1034.6295166 1 456 173.559082031 1135.53320313 3 538 53.31640625 1047.33203125
-0.421204672783 -0.608085039881 2.65219552789
47 38 41
3 0 342 -19.6046142578 1223.31604004 2 357 -21.1379394531 1278.93017578 3 604 -91.3118896484 1229.29040527
-0.420572036327 -0.609267673826 2.6551951431
47 38 41
2 0 343 -19.6046142578 1223.31604004 2 358 -21.1379394531 1278.93017578
-0.446404714087 -0.472739706995 2.65083052052
48 39 42
2 0 349 -67.0344238281 961.930541992 2 471 -74.5323486328 1018.00598145
-0.464381633376 -0.567372002011 2.67510734525
50 41 43
2 0 360 -99.48828125 1128.67285156 2 422 -114.579345703 1195.53588867
-0.472720105316 -0.459860775035 2.67217263436
63 53 54
2 0 394 -114.028808594 926.047973633 2 440 -134.811035156 988.683105469
-0.69149779785 0.316025839549 2.33484048149
7 7 7
2 0 401 -627.889648438 -595.20703125 2 475 -474.237304688 -591.29296875
-0.367829316246 -0.419381866353 2.60117411017
63 53 52
3 0 404 80.0048828125 884.592041016 2 479 93.6968994141 918.673950195 1 629 70.2177734375 1026.47631836
-0.142703817977 0.288243301828 2.46560878897
40 31 29
3 0 525 545.608886719 -487.023681641 2 636 546.896606445 -464.611083984 3 601 423.438354492 -486.774902344
-0.142623484935 0.288197221499 2.4658152902
40 31 29
2 0 526 545.608886719 -487.023681641 2 637 546.896606445 -464.611083984
-0.329126089081 -0.419077737719 2.57824173932
48 42 43
2 0 527 155.078979492 897.962036133 2 689 179.043334961 919.792602539
-0.13760876554 -0.0956767659912 2.49411124956
66 51 50
3 0 593 544.957885742 290.414794922 2 728 556.117431641 282.257080078 3 793 408.20690918 334.444580078
-0.554097502928 0.0257963683567 2.59583967382
55 50 46
2 0 604 -269.702453613 44.3046875 2 1118 -278.925170898 82.6124267578
-0.297103405095 -0.558413824534 2.57002517306
60 49 53
3 0 697 220.987548828 1184.3137207 2 865 254.372558594 1195.23193359 3 873 90.3891601563 1225.98779297
-0.280493093052 -0.276562361837 2.5362988934
43 36 40
2 0 722 252.846069336 636.560424805 2 785 285.254882813 645.885253906
-0.404984720327 -0.507035278465 2.63281487752
67 57 56
2 0 786 9.39245605469 1038.49267578 2 838 13.31640625 1084.20800781
0.249233956975 0.0945491101409 2.90887743971
30 35 28
2 0 842 1065.6105957 -72.5222167969 2 1418 754.627441406 -76.8981933594
-0.173141782791 -0.0661857859201 2.51291121704
39 27 27
2 0 868 467.263061523 229.377563477 2 991 475.029296875 226.720825195
-0.260647407805 -0.37834713625 2.53026823747
67 58 59
2 0 957 294.390136719 843.284179688 2 1112 334.732910156 845.784057617
-0.17320842912 -0.0660655750066 2.51289734009
39 27 27
2 0 960 467.133422852 229.14440918 2 976 474.916625977 226.49597168
-0.17320842912 -0.0660655750066 2.51289734009
39 27 27
2 0 961 467.133422852 229.14440918 2 977 474.916625977 226.49597168
-0.552944963534 -0.501618142105 2.72654931702
72 61 60
4 0 964 -253.686035156 975.305419922 2 902 -305.10546875 1062.80444336 1 823 -365.541992188 1216.34887695 3 1361 -253.081298828 953.147827148
-0.308021861665 -0.546596203441 2.57330997796
43 37 39
2 0 970 198.126342773 1156.67602539 2 922 231.893920898 1173.58959961
-0.559216841174 -0.468671640233 2.73100064264
42 33 34
3 0 1025 -262.826599121 913.150146484 2 916 -319.99230957 998.368164063 1 854 -382.882751465 1149.00927734
-0.325934844793 -0.59575218918 2.5893312755
44 38 41
3 0 1068 162.725097656 1245.26293945 2 1095 192.079956055 1268.13781738 3 1402 44.3876953125 1279.70532227
-0.592228114439 0.316107984434 2.26543886007
69 68 66
2 0 1124 -425.211853027 -623.939941406 2 2405 -198.620422363 -614.501708984
-0.44609110094 -0.608722329097 2.6682290433
52 43 44
2 0 1139 -66.5043945313 1213.14672852 2 1372 -74.9453125 1276.99523926
-0.576021369622 0.0564340306271 2.62151755485
83 83 83
2 0 1160 -306.303161621 -13.1643066406 2 1053 -335.084594727 24.8093261719
-0.131056200294 0.115727901885 2.47298272031
37 26 24
3 0 1201 564.493041992 -132.646484375 2 1396 571.497192383 -126.602294922 3 1186 433.186645508 -113.862792969
-0.408137782149 -0.534074545669 2.63861175065
69 58 60
3 0 1220 3.41650390625 1088.01171875 2 1135 6.09533691406 1134.4017334 1 1456 -27.8516845703 1260.31176758
-0.158120781376 -0.144076489903 2.51075806859
59 46 46
3 0 1246 498.487304688 383.347045898 2 1555 510.020141602 376.029907227 1 2368 470.168701172 450.553588867
-0.188853790984 -0.330881446269 2.5436990832
62 51 50
3 0 1258 432.084960938 742.831298828 2 1275 444.103881836 731.615966797 3 1372 306.384887695 799.372436523
-0.414993829534 -0.582381436533 2.6420873352
56 47 48
2 0 1266 -9.2255859375 1179.04931641 2 1491 -4.90148925781 1232.66625977
-0.414993829534 -0.582381436533 2.6420873352
56 47 48
2 0 1267 -9.2255859375 1179.04931641 2 1490 -4.90148925781 1232.66625977
-0.130688547446 -0.0695648175269 2.48760532294
38 26 26
3 0 1295 561.093994141 239.13684082 2 1778 572.067871094 232.772338867 3 1620 422.327026367 280.525756836
-0.184173487438 0.136497845472 2.50207647299
54 40 39
2 0 1303 448.165405273 -172.614013672 2 1719 450.248413086 -160.514160156
-0.153126023415 -0.461230768136 2.53522851025
74 62 62
2 0 1305 509.294677734 1012.97729492 2 1097 526.791137695 983.21496582
-0.276192573853 0.137693298206 2.42447714693
27 27 29
2 0 1306 278.156494141 -183.52734375 2 1895 353.087402344 -168.193847656
-0.276192573853 0.137693298206 2.42447714693
27 27 29
2 0 1307 278.156494141 -183.52734375 2 1896 353.087402344 -168.193847656
-0.422332454406 -0.504707734379 2.64149903615
69 57 57
3 0 1357 -23.2823486328 1029.2019043 2 1405 -23.1336669922 1079.7088623 3 2028 -90.0247802734 1034.02148438
-0.483067580471 0.0293632208295 2.24175895409
123 124 126
2 0 1377 -171.700683594 46.6142578125 2 1282 99.0006103516 76.3862304688
-0.181350546571 -0.0607341916543 2.51649483507
49 37 37
3 0 1421 451.204223633 217.458251953 2 1383 456.517944336 217.658325195 3 1254 330.230102539 250.290405273
-0.540179640283 0.152767271928 2.59138395738
79 79 79
2 0 1451 -244.370727539 -194.650878906 2 1332 -259.874145508 -166.749511719
-0.508267595238 -0.144486763385 2.6660889522
66 52 51
2 0 1463 -176.946533203 348.248291016 2 1597 -216.205566406 397.42565918
-0.523078818979 -0.605931506203 2.72214273494
49 40 41
2 0 1471 -202.172729492 1172.04370117 2 1308 -243.084289551 1259.79174805
-0.135773891801 -0.0394592255462 2.48726398578
69 55 52
2 0 1475 550.192016602 178.659667969 2 1868 561.321533203 174.785888672
-0.532928444346 0.157070215964 2.58666704643
62 62 62
2 0 1495 -231.374084473 -203.734863281 2 1513 -244.015319824 -175.585205078
-0.495116990078 -0.446493924071 2.6841672195
68 57 57
3 0 1497 -153.761352539 897.276733398 2 1368 -182.847473145 963.375488281 1 988 -227.365112305 1093.5222168
-0.154247065403 0.0708557320145 2.48145626711
37 25 25
2 0 1514 514.365356445 -43.8796386719 2 2315 526.13659668 -35.8852539063
-0.391747435921 -0.615916682656 2.63331269563
65 58 60
3 0 1527 34.3820800781 1253.02978516 2 1950 44.9526367188 1297.66125488 3 1846 -51.1572265625 1267.68054199
-0.396776820654 -0.610656439737 2.63801009642
49 40 43
2 0 1546 24.8763427734 1238.30541992 2 1798 32.5750732422 1286.42749023
-0.396776820654 -0.610656439737 2.63801009642
49 40 43
2 0 1547 24.8763427734 1238.30541992 2 1797 32.5750732422 1286.42749023
-0.265480760228 -0.414375628618 2.53901181412
39 33 35
2 0 1562 283.955200195 911.514038086 2 1804 322.329956055 914.541992188
0.268387738977 0.0273972904148 2.99420665579
12 18 13
2 0 1610 1052.06396484 33.6809082031 2 2469 714.870361328 22.9309082031
-0.678852555613 0.164779329377 2.35519493476
111 112 116
2 0 1650 -587.874694824 -252.668212891 2 1639 -437.491699219 -223.497558594
-0.383797690796 -0.610299590808 2.62780456266
43 37 39
3 0 1661 48.7918701172 1244.74060059 2 1153 63.0063476563 1289.22375488 3 2213 -39.3079833984 1262.40063477
-0.383797690796 -0.610299590808 2.62780456266
43 37 39
3 0 1662 48.7918701172 1244.74060059 2 1152 63.0063476563 1289.22375488 3 2214 -39.3079833984 1262.40063477
-0.572473156638 -0.261607873089 2.71404121839
45 35 34
2 0 1671 -286.234924316 547.645141602 2 1546 -347.759887695 616.236938477
-0.533811006186 0.299862375296 2.57568157663
54 55 57
2 0 1689 -235.337646484 -476.671630859 2 1404 -251.82611084 -460.991943359
-0.131049803757 0.0426433779791 2.47899981251
40 29 27
3 0 1695 562.036621094 13.4333496094 2 2038 571.166137695 16.5266113281 3 1603 428.599365234 43.0466308594
-0.0987782837719 -0.0891356130668 2.46907895198
75 60 58
3 0 1698 632.959106445 282.407836914 2 2569 647.642089844 269.287963867 3 2036 481.944213867 330.938598633
-0.162075932516 -0.281425620473 2.52564137782
60 50 49
2 0 1704 488.844604492 652.65625 2 2018 501.677734375 637.410766602
-0.139718065074 0.261641540404 2.46450052364
50 40 38
2 0 1711 551.557495117 -433.050537109 2 2062 554.874511719 -412.392578125
-0.139347504586 0.261683036443 2.46542833794
50 40 38
3 0 1712 551.557495117 -433.050537109 2 2061 554.874511719 -412.392578125 3 1584 427.862426758 -428.626708984
-0.1549643048 0.209280677318 2.47301927883
33 23 22
2 0 1731 516.571899414 -323.588378906 2 2311 523.182495117 -307.531494141
-0.171213066326 -0.360370700324 2.53597244084
58 48 49
3 0 1745 469.659423828 806.124755859 2 2514 484.373046875 789.411499023 1 3389 440.173339844 862.845092773
-0.159119436614 0.148412335405 2.48530371671
47 37 36
2 0 1752 503.597900391 -198.770019531 2 2114 508.446777344 -186.431884766
-0.516607849616 -0.475907892286 2.70281497165
69 63 67
2 1 3046 -281.08581543 1157.33666992 2 2895 -228.97277832 1015.71777344
-0.142868701031 -0.123362581753 2.50121413107
67 53 53
3 0 1807 531.142089844 343.405395508 2 1976 543.326171875 334.99621582 3 2202 398.337158203 391.630249023
-0.142868701031 -0.123362581753 2.50121413107
67 53 53
3 0 1808 531.142089844 343.405395508 2 1977 543.326171875 334.99621582 3 2201 398.337158203 391.630249023
-0.343735289956 -0.559313019078 2.60331313745
62 53 54
2 0 1811 126.405029297 1162.01928711 2 2005 146.901733398 1188.78967285
-0.53457365349 0.0148176414291 2.27669736401
46 42 40
2 0 1813 -285.834655762 79.2933349609 2 2049 -44.1934814453 115.304199219
-0.274623323834 0.168320283334 2.42371183875
68 70 70
2 0 1818 281.704956055 -247.391845703 2 2078 354.421386719 -231.313476563
-0.179249624609 -0.102283131574 2.51931304321
52 40 40
3 0 1834 454.140136719 298.699829102 2 1869 461.538452148 297.182495117 3 2026 332.626953125 335.641357422
-0.357368925786 -0.589238189301 2.61125286265
66 57 60
3 0 1850 100.527099609 1216.02050781 2 2072 118.795532227 1248.37084961 1 2714 90.1719970703 1365.61999512
-0.357368925786 -0.589238189301 2.61125286265
66 57 60
3 0 1851 100.527099609 1216.02050781 2 2071 118.795532227 1248.37084961 1 2713 90.1719970703 1365.61999512
-0.429956444868 0.295126093497 2.18469246367
79 75 74
2 0 1862 -49.1884765625 -605.802734375 2 2207 248.915649414 -592.1484375
-0.192172013287 -0.0399549956881 2.52085741425
59 47 46
2 0 1869 427.274780273 175.014648438 2 2108 433.001464844 179.386962891
-0.192172013287 -0.0399549956881 2.52085741425
59 47 46
2 0 1870 427.274780273 175.014648438 2 2107 433.001464844 179.386962891
-0.126390376294 0.145240512373 2.46915746548
54 40 39
3 0 1884 574.566040039 -193.396240234 2 1838 581.918701172 -184.399658203 3 1301 445.131958008 -177.121582031
-0.572852618553 -0.466279333268 2.73457726008
43 38 44
2 1 1821 -410.786621094 1148.14672852 2 2063 -346.259277344 996.438110352
-0.490109663173 0.301821475484 2.22183779549
25 23 24
2 0 1896 -192.282714844 -604.848144531 2 2100 74.96875 -595.465087891
-0.121159443397 0.281966374712 2.45282641319
50 41 36
3 0 1930 593.270629883 -478.782714844 2 3041 598.713378906 -455.747558594 3 1928 464.939453125 -477.345458984
-0.519024713093 -0.543637586056 2.70382084358
70 60 59
3 0 1934 -195.374145508 1065.07751465 2 2111 -230.875061035 1147.00292969 1 1717 -281.83190918 1300.89477539
-0.529313288041 0.166916976483 2.58368465665
74 74 74
2 0 1949 -224.977783203 -223.116210938 2 2188 -236.380615234 -195.029052734
-0.558500264074 -0.400169914998 2.72188464737
42 34 32
2 0 1965 -262.018249512 793.247314453 2 1967 -317.968078613 872.006591797
-0.558500264074 -0.400169914998 2.72188464737
42 34 32
2 0 1966 -262.018249512 793.247314453 2 1968 -317.968078613 872.006591797
-0.183928586578 0.284643904311 2.48725577574
38 30 28
2 0 1990 454.374267578 -472.806152344 2 2423 454.213989258 -451.241210938
-0.183928586578 0.284643904311 2.48725577574
38 30 28
2 0 1991 454.374267578 -472.806152344 2 2424 454.213989258 -451.241210938
-0.272786051162 -0.417604778061 2.54118449911
55 47 49
3 0 2005 269.98046875 916.513183594 2 2498 307.505615234 921.889526367 3 2423 132.556152344 957.456787109
-0.346328154267 -0.477594587973 2.59298426353
46 36 37
3 0 2018 121.56262207 1005.30163574 2 2229 142.587890625 1032.01928711 3 2104 18.5633544922 1030.13439941
-0.111824574007 -0.0150654282009 2.47153257185
48 38 37
2 0 2045 604.628051758 130.64855957 2 2465 616.198242188 126.763427734
0.216153947312 0.15061816033 2.89173715218
7 11 10
2 0 2059 1019.32739258 -166.06640625 2 2586 722.098144531 -158.254638672
-0.589194930512 -0.39817019342 2.74326190672
43 33 32
3 0 2081 -312.583374023 780.984130859 2 1827 -383.129333496 866.340332031 1 1764 -451.323547363 1011.66955566
-0.589194930512 -0.39817019342 2.74326190672
43 33 32
3 0 2082 -312.583374023 780.984130859 2 1826 -383.129333496 866.340332031 1 1763 -451.323547363 1011.66955566
-0.488931662087 0.294326263707 2.2216439217
32 31 32
2 0 2115 -189.429504395 -587.775634766 2 2371 78.5368652344 -575.743408203
-0.135272550841 0.0829235738225 2.4758636842
52 41 39
2 0 2180 554.875366211 -67.2727050781 2 2851 563.64465332 -61.9936523438
-0.134329735792 -0.157348158334 2.49824908698
61 49 49
2 0 2209 550.754272461 413.46105957 2 2286 563.457519531 400.663208008
-0.176902293407 0.131885258106 2.49888143827
38 27 25
3 0 2225 463.106689453 -163.677978516 2 2353 466.414916992 -151.413818359 3 2342 349.949462891 -148.693115234
-0.263645072166 -0.466781878837 2.54055313431
53 44 45
2 0 2241 288.370727539 1017.51806641 2 2645 329.427368164 1018.52624512
-0.534397223704 0.0797621398861 2.59503639248
47 46 44
2 0 2279 -232.84375 -57.6918945313 2 2340 -245.046875 -23.5939941406
-0.181040538254 0.0243926359384 2.51072947282
58 48 47
2 0 2294 451.800048828 49.5180664063 2 3213 456.192382813 55.2412109375
-0.181040538254 0.0243926359384 2.51072947282
58 48 47
2 0 2295 451.800048828 49.5180664063 2 3212 456.192382813 55.2412109375
-0.465150682631 -0.565429357969 2.6774860337
47 38 39
2 0 2300 -100.768310547 1123.66943359 2 2202 -117.423461914 1190.12255859
-0.170921493508 -0.0281742596937 2.50724007828
63 49 48
2 0 2332 473.128417969 153.212158203 2 3157 480.965820313 155.764526367
-0.170921493508 -0.0281742596937 2.50724007828
63 49 48
2 0 2333 473.128417969 153.212158203 2 3158 480.965820313 155.764526367
-0.162917835467 -0.527896551068 2.54437723713
64 55 56
2 0 2335 489.661376953 1143.375 2 2332 509.034057617 1114.39990234
-0.550892259536 -0.421877487597 2.71722266687
67 57 57
2 0 2441 -249.486633301 834.499023438 2 2425 -300.897644043 913.726196289
-0.172808478811 -0.2065462929 2.52479419938
39 29 30
2 0 2463 466.29675293 503.252197266 2 2548 477.018920898 495.159545898
-0.259059873013 -0.462694293763 2.53649004264
68 59 60
3 0 2471 298.752563477 1011.72546387 2 2395 340.23034668 1011.54382324 3 2406 153.254516602 1058.76403809
-0.196808305115 -0.396284146664 2.5532516722
46 36 35
2 0 2478 415.499511719 868.479370117 2 2869 428.554443359 856.700805664
-0.473384866894 -0.454340350918 2.66960235218
72 60 62
2 0 2496 -115.359741211 916.947998047 2 2064 -134.962280273 979.545654297
-0.158583808625 -0.068310163466 2.50470025493
41 29 29
3 0 2530 498.849487305 234.13671875 2 2917 507.827270508 230.967041016 3 2507 371.544311523 271.189819336
-0.570736483285 -0.540208917245 2.74425666791
65 56 57
2 0 2550 -282.761657715 1038.36755371 2 2957 -343.042541504 1131.36914063
-0.53914288395 0.0415157219074 2.60032487981
57 53 50
2 0 2564 -241.009887695 14.6333007813 2 1882 -253.823852539 50.7390136719
-0.524451880959 -0.464318390177 2.70319237335
66 56 55
2 0 2580 -204.659973145 918.552368164 2 2976 -244.001037598 995.427246094
-0.317048683526 -0.440095669921 2.56477255108
59 48 52
2 1 97 194.923461914 1064.1652832 2 101 212.503295898 964.942138672
-0.25897753057 -0.385027080456 2.5521833416
47 41 45
2 1 169 293.895507813 936.323486328 2 115 320.275878906 847.87097168
-0.590515838627 0.00434791271581 2.31029886001
120 121 125
2 1 349 -1.54162597656 232.06262207 2 248 -193.762451172 144.542724609
-0.518297004481 -0.420695965912 2.69510586624
72 63 68
2 1 418 -279.780761719 1048.23657227 2 249 -231.436950684 913.528076172
-0.437762151387 0.321180628967 2.5208036459
24 24 24
2 1 414 -13.6157226563 -452.367919922 2 288 -38.3894042969 -518.100585938
-0.475171206721 0.311633678582 2.54582477868
58 59 61
2 1 515 -105.494873047 -428.779052734 2 365 -124.154296875 -492.335449219
-0.491415527533 0.326283855589 2.55343046936
28 28 29
2 1 551 -143.482055664 -459.157470703 2 432 -160.726318359 -519.29296875
-0.459491711052 0.326692625084 2.53773019545
28 28 28
2 1 773 -70.6124267578 -460.943115234 2 663 -90.6805419922 -524.391601563
-0.496611397186 0.29655335579 2.55913370907
70 71 76
2 1 836 -156.25012207 -396.12109375 2 686 -171.404968262 -458.488525391
-0.184180634722 -0.37596065442 2.54375761134
59 50 53
2 1 1085 413.270019531 895.195556641 2 715 456.616210938 818.533447266
-0.155460761635 -0.332140276359 2.52341688706
65 54 55
2 1 949 476.001098633 807.818969727 2 722 520.111938477 736.307495117
-0.458981403557 0.301494535182 2.53143734522
41 41 41
2 1 1214 -60.4887695313 -409.560791016 2 846 -83.9123535156 -476.7421875
-0.459405753318 0.301623467292 2.53057327262
41 41 41
3 1 1213 -60.4887695313 -409.560791016 2 847 -83.9123535156 -476.7421875 3 1395 -161.637878418 -492.485351563
-0.555358194888 -0.332065869019 2.72146689516
46 40 44
2 1 938 -374.883666992 872.158081055 2 861 -315.831420898 742.616088867
-0.146158729047 -0.421334795745 2.52009101988
60 54 54
2 1 1200 502.989746094 980.472900391 2 862 548.715698242 910.96875
-0.509140016057 -0.449018637719 2.69800824671
66 60 64
2 1 870 -265.081359863 1100.84277344 2 886 -214.644287109 964.278808594
-0.151970463194 -0.492267156541 2.52942874688
64 55 59
2 1 1460 490.310668945 1119.69140625 2 971 537.873413086 1047.47717285
-0.508448910299 0.301828195793 2.56775191272
44 45 47
2 1 1303 -186.846679688 -405.313720703 2 1012 -199.178710938 -467.25390625
-0.543855955256 -0.0603571078484 2.28465333474
87 90 93
2 1 1506 135.426879883 385.329589844 2 1063 -64.2922363281 295.288085938
-0.540622609141 -0.331703767848 2.70090442848
46 40 44
2 1 875 -329.688903809 874.559326172 2 1089 -279.809020996 745.228881836
-0.465889279894 0.287635323153 2.20823023659
95 95 97
2 1 1617 370.501708984 -489.443603516 2 1185 144.237182617 -563.754394531
-0.478124998344 0.287569636912 2.21540796664
91 90 94
2 1 1624 335.310546875 -487.975830078 2 1226 109.55871582 -561.068603516
-0.518713419957 0.292322299109 2.5717641248
72 75 80
2 1 1534 -208.494689941 -385.861083984 2 1228 -220.156860352 -447.030273438
-0.431348935603 0.277139172661 2.52064362908
58 59 63
2 1 1682 1.134765625 -360.918701172 2 1285 -22.662109375 -429.156005859
-0.180268717745 -0.501223945469 2.54652550086
45 39 43
2 1 1959 428.525390625 1140.28381348 2 1288 474.100952148 1062.43151855
-0.601015367373 -0.398703733359 2.75205817995
44 38 44
2 1 1164 -480.552490234 1014.0255127 2 1096 -408.022949219 866.474853516
-0.138254892945 -0.370789706205 2.51711311764
64 54 57
2 1 1769 512.585205078 880.025390625 2 1357 559.688720703 811.007324219
-0.467379146365 0.316273775796 2.53629172151
50 50 51
2 1 1783 -81.7265625 -440.57421875 2 1364 -104.028686523 -504.265625
-0.589678786626 -0.253648712628 2.738328034
58 49 52
2 1 1650 -455.673950195 721.504272461 2 1373 -389.524841309 596.758422852
-0.558082946919 -0.319152087673 2.71738831585
63 54 56
2 1 1205 -376.652282715 848.060424805 2 1381 -319.754699707 720.917480469
-0.454089637247 0.314433075731 2.52664184737
50 50 50
3 1 1599 -48.3536376953 -437.747802734 2 1401 -71.7899169922 -503.461914063 3 1841 -153.862670898 -518.019775391
-0.435127892922 0.286463092533 2.18795954072
98 99 103
2 1 1806 462.853393555 -490.254394531 2 1406 234.478393555 -568.827880859
-0.443710091569 0.074866492837 2.54301635038
41 40 38
2 1 1790 -28.7015380859 56.380859375 2 1410 -44.5017089844 -22.9113769531
-0.545943391992 -0.323755845037 2.70774986315
57 51 54
2 1 1995 -345.994689941 857.677734375 2 1484 -293.076538086 729.07019043
-0.508932524649 0.291864340944 2.5673618727
71 74 79
2 1 1957 -186.422790527 -384.914794922 2 1539 -199.067871094 -447.461914063
-0.6383581435 0.305188274926 2.32105016852
11 11 11
2 1 1871 -146.055664063 -514.514892578 2 1593 -339.858581543 -566.548583984
-0.293619851978 -0.549367263111 2.57136201134
42 37 43
2 1 2117 233.681396484 1274.42041016 2 1645 259.305541992 1175.55957031
-0.686729244567 0.166318748997 2.3636903563
118 123 129
2 1 1675 -290.077819824 -159.317626953 2 1725 -459.990539551 -224.552978516
-0.577313525616 -0.303860633833 2.73058431638
67 58 61
2 1 2016 -423.749023438 820.004638672 2 1893 -361.140625 691.184570313
-0.174491282862 -0.344005397097 2.53780919884
37 31 35
2 1 2354 431.526000977 832.309204102 2 1965 475.432495117 756.665039063
-0.432342256325 0.221958354201 2.1933181949
117 121 130
2 1 2630 464.871704102 -326.903076172 2 2009 241.1015625 -405.174316406
-0.432024923454 0.310602217566 2.51739449355
49 49 49
2 1 2562 0.975219726563 -430.520507813 2 2011 -24.4747314453 -498.039306641
-0.504547497182 -0.476202061654 2.69432921294
68 61 68
2 1 2423 -251.884521484 1156.43896484 2 2069 -202.926574707 1017.56726074
-0.514480619278 -0.342033610321 2.69787779575
63 54 57
2 1 2644 -280.781799316 885.149780273 2 2113 -230.575683594 761.89855957
-0.131926941781 -0.399593784587 2.51283653409
47 38 43
2 1 2125 530.296508789 936.506835938 2 2147 577.87097168 867.796264648
-0.486879475053 0.317246973426 2.54847176679
52 52 52
2 1 2537 -129.315795898 -441.121582031 2 2169 -148.505615234 -502.885498047
-0.158181398455 -0.525006367925 2.53691078211
49 43 48
2 1 2544 475.305541992 1183.15917969 2 2187 523.853637695 1110.75036621
-0.030672491675 -0.981491687602 8.90103527721
25 26 28
3 0 949 153.457641602 416.206298828 2 946 -707.277587891 469.892944336 3 746 994.002197266 479.517822266
-0.544894663024 -0.187938343551 2.69916052255
68 57 61
2 1 2702 -344.627868652 586.66027832 2 2234 -295.527038574 477.055175781
-0.582574938224 -0.00165106794561 2.30805293183
126 129 134
2 1 2295 18.3151855469 245.322753906 2 2258 -173.685974121 158.307495117
-0.553188849453 0.0112187560027 2.28565892847
105 106 110
2 1 2153 108.03137207 211.129516602 2 2265 -92.6461181641 124.650512695
-0.423956020287 0.221414666681 2.18735486508
116 120 128
2 1 3139 490.716796875 -326.412353516 2 2266 266.244995117 -406.098388672
-0.174977159381 -0.217992286751 2.52739960499
39 30 33
2 1 3058 431.914550781 592.500488281 2 2285 471.990112305 516.765869141
-0.51903002383 0.318602952909 2.57095238977
60 61 65
2 1 2960 -210.490783691 -440.486083984 2 2301 -222.545593262 -499.828613281
-0.439158086758 0.308142057163 2.52033885681
33 33 33
2 1 3207 -14.3648681641 -425.235351563 2 2369 -39.7381591797 -492.387451172
-0.439158086758 0.308142057163 2.52033885681
33 33 33
2 1 3206 -14.3648681641 -425.235351563 2 2370 -39.7381591797 -492.387451172
-0.667546162662 -0.0167791055274 2.36359573141
125 128 134
2 1 2675 -230.80456543 293.685302734 2 2400 -398.811279297 199.810546875
-0.458139350009 0.227126943362 2.53946631634
56 56 58
2 1 2822 -61.8631591797 -255.110839844 2 2477 -81.2628173828 -324.687255859
-0.482707838851 0.00316969976109 2.24345583287
122 125 131
2 1 3327 310.209960938 221.672729492 2 2480 100.802612305 138.852416992
-0.136358356103 -0.513158792959 2.52657793124
63 57 61
2 1 2958 518.500732422 1155.34387207 2 2482 569.979858398 1088.27709961
-0.480043134631 0.307964107284 2.54922371528
63 64 66
2 1 3785 -117.415161133 -420.514648438 2 2509 -135.124267578 -484.257324219
-0.476395719214 -0.465578607422 2.6773160912
69 61 68
2 1 2744 -187.379272461 1130.21533203 2 2568 -143.874755859 997.988647461
-0.42680698531 -0.473915969224 2.64386790934
44 37 44
2 1 3296 -68.8004150391 1141.42260742 2 2588 -35.0924072266 1018.82775879
-0.4845238582 0.0214933495624 2.24100565673
130 133 140
2 1 2466 308.678344727 176.787841797 2 2589 97.0939941406 95.0205078125
-0.244955426007 -0.188563733287 2.50782486285
53 43 44
2 1 3097 352.188964844 554.812133789 2 2622 364.12512207 476.713378906
-0.652812716179 0.0188845413371 2.3519902066
39 37 38
2 1 3190 -188.092590332 203.682250977 2 2634 -362.022277832 115.587158203
-0.560952733924 -0.267579165255 2.7139595
61 52 55
2 1 2771 -381.622497559 747.063598633 2 2715 -326.391479492 624.842895508
-0.105877523457 0.0393459570097 2.46268157719
47 35 35
3 1 3623 591.605957031 99.9372558594 2 2774 630.946411133 20.3247070313 3 2194 475.805541992 51.7739257813
-0.591727717335 -0.0530892650173 2.31715184139
89 90 95
2 1 3092 -7.80456542969 372.706176758 2 2789 -195.901733398 280.629638672
-0.723376868837 -0.051163600053 2.40464451209
109 113 122
2 1 3217 -398.855163574 386.273681641 2 2792 -543.465820313 282.235839844
-0.130178997433 -0.15244861731 2.4963572258
43 33 34
2 1 3277 529.488037109 463.286010742 2 2838 571.986206055 391.817016602
-0.186661502539 -0.422820229326 2.5492292338
42 36 40
3 1 3011 407.489624023 986.048950195 2 2852 452.308105469 907.695678711 3 2437 306.816162109 989.6171875
-0.58650401981 -0.224500379687 2.73210356882
62 53 56
2 1 3483 -446.150268555 663.29284668 2 2853 -382.96307373 544.341796875
-0.668108436125 -0.0281847659911 2.36423929086
115 118 124
2 1 2925 -231.753356934 322.173217773 2 2854 -399.471557617 226.215332031
-0.588702293509 -0.0483865692341 2.31435355645
122 123 128
2 1 3708 1.76928710938 361.749633789 2 2863 -187.604614258 268.49609375
-0.588702293509 -0.0483865692341 2.31435355645
122 123 128
2 1 3709 1.76928710938 361.749633789 2 2864 -187.604614258 268.49609375
-0.628628295662 -0.0213522652492 2.33831140376
130 133 138
2 1 3265 -115.582397461 300.420776367 2 2867 -295.573242188 207.308959961
-0.163302673865 -0.201513668199 2.5182033116
57 47 48
2 1 3811 458.818359375 559.841796875 2 2893 498.900146484 486.113769531
-0.275748342023 -0.201735090762 2.52389086752
55 45 46
2 1 3603 286.653930664 586.045043945 2 2975 297.221313477 501.83996582
-0.422612480871 -0.470187625214 2.64725026992
61 52 57
2 1 3091 -65.8229980469 1130.30493164 2 2989 -29.8658447266 1008.37255859
-0.546208319779 0.0114104044866 2.28175601126
117 118 122
2 1 3123 127.583251953 209.124511719 2 2994 -73.9974365234 124.267822266
-0.40505005797 0.309773778553 2.49796804297
50 50 50
2 1 3959 69.4588623047 -430.637939453 2 3000 39.7443847656 -503.081054688
-0.5215348284 -0.0516386778663 2.27076570674
115 116 121
2 1 3471 199.049804688 361.156982422 2 3037 -4.08056640625 273.026123047
-0.451023018603 0.0570454742249 2.2180373164
109 113 122
2 1 3212 405.299072266 85.6353759766 2 3111 189.992919922 5.0615234375
-0.10087162439 0.191886018806 2.45111376892
50 40 39
2 1 3422 601.904418945 -192.945556641 2 3136 640.745239258 -278.989501953
-0.12250774288 -0.346064384952 2.50902061825
40 34 38
2 1 3637 542.73449707 829.992919922 2 3171 591.947143555 762.866699219
-0.582735958602 -0.0394758519853 2.30913409494
116 119 124
2 1 3744 20.2762451172 338.937866211 2 3190 -171.41595459 247.47265625
-0.517375419668 -0.33425623243 2.69500494104
46 39 43
2 1 3657 -283.465942383 872.229003906 2 3218 -234.830627441 748.252563477
-0.517375419668 -0.33425623243 2.69500494104
46 39 43
2 1 3658 -283.465942383 872.229003906 2 3219 -234.830627441 748.252563477
0.154858365144 0.0795282325975 2.90371115006
7 10 9
2 0 381 910.237304688 -47.8361816406 3 365 1093.59130859 -2.6201171875
-0.227405518063 -0.0786232977735 2.49662079471
114 114 114
2 0 954 363.233032227 251.703369141 3 459 226.701049805 286.452514648
-0.21028415968 0.0815271336326 2.51444809544
103 102 100
2 0 930 392.931640625 -60.6779785156 3 503 284.306518555 -47.2214355469
-0.275564776409 0.161405745913 2.42336696301
54 55 57
2 0 353 279.781738281 -232.004882813 3 511 110.579467773 -225.939208984
-0.317496995251 -0.134255536633 2.05575844393
45 35 39
2 0 710 252.685058594 502.228149414 3 530 -318.851867676 509.582641602
-0.272066941872 0.110753622321 2.42158858627
85 85 83
2 0 679 287.196289063 -127.8359375 3 606 111.836303711 -116.400878906
-0.210180217451 0.152048259896 2.51613797714
97 96 95
2 0 633 392.930664063 -202.118896484 3 726 291.88269043 -188.962158203
-0.173852387893 0.213364732866 2.49337747491
37 27 25
2 0 776 471.987426758 -328.599609375 3 886 361.66015625 -318.280517578
-0.208611989199 -0.00429563139804 2.52416140378
100 98 99
2 0 1341 393.884277344 104.533935547 3 893 284.448852539 131.017211914
0.118235228065 0.195310620399 2.89738839737
17 17 17
2 0 1149 853.130249023 -233.977783203 3 932 1032.47851563 -214.079101563
-0.382249653303 0.00652389946421 2.24665565753
142 142 140
2 0 1897 64.9555664063 98.6787109375 3 949 -261.516235352 103.954711914
-0.137344628796 -0.00720521060589 2.48572500387
56 45 43
2 0 927 547.379394531 114.419799805 3 950 413.276000977 147.170043945
-0.210548874721 0.289172489718 2.50484016171
83 83 83
2 0 1252 396.252197266 -475.954833984 3 961 299.379272461 -475.636474609
-0.412173860193 0.14252447638 2.18835082675
141 141 141
2 0 1634 -5.2958984375 -228.617675781 3 987 -369.812744141 -227.321777344
-0.411087892286 0.00338130113096 2.19853866418
144 144 144
2 0 1843 -2.63049316406 110.842773438 3 1023 -371.330322266 109.598022461
-0.203320063057 0.249469162698 2.50863041813
38 28 27
2 0 1296 409.227050781 -396.696777344 3 1109 311.781616211 -390.997802734
-0.270994667021 0.261044386463 2.41429462583
78 78 80
2 0 1031 291.751831055 -445.028564453 3 1209 124.294555664 -440.850097656
-0.652562457941 0.108073695132 2.39075456588
71 71 71
2 0 1456 -516.870239258 -125.200439453 3 1251 -648.664550781 -139.591552734
-0.209999428521 -0.121658811914 2.53784303961
95 95 95
2 0 712 388.589111328 330.958007813 3 1328 278.048217773 368.550170898
-0.155294160566 0.141462426949 2.48521594644
37 27 26
2 0 1262 511.321044922 -185.071533203 3 1329 389.526123047 -167.849609375
-0.155294160566 0.141462426949 2.48521594644
37 27 26
2 0 1263 511.321044922 -185.071533203 3 1330 389.526123047 -167.849609375
-0.18803043124 0.211529370691 2.49985866124
35 25 23
2 0 1074 441.651733398 -322.822753906 3 1366 335.142333984 -314.014404297
-0.689426515824 0.190550797971 2.35453574522
110 110 112
2 0 718 -611.955444336 -309.991699219 3 1397 -749.188232422 -316.216796875
0.150666407764 0.139706576859 2.92955382206
6 6 6
2 0 1962 891.916748047 -144.536376953 3 1480 1090.90551758 -108.052246094
0.141958928478 0.132369138113 2.93655389209
8 8 8
2 0 1810 874.575439453 -131.478759766 3 1542 1073.43139648 -95.8391113281
-0.278229697338 0.130962182069 2.43023958973
68 66 62
2 0 1520 272.874755859 -168.867919922 3 1549 106.338134766 -159.169921875
-0.354995164823 0.244130412765 2.50508872372
32 32 32
2 0 2405 108.837768555 -386.119384766 3 1582 11.1319580078 -382.150878906
-0.344899814559 -0.117316741095 2.48996056939
111 113 113
2 0 1432 129.956176758 333.155761719 3 1647 -11.0500488281 345.431518555
-0.202850450311 0.117943865258 2.51747218211
45 33 33
2 0 1582 406.940429688 -134.3828125 3 1706 304.012817383 -118.971923828
-0.204121864966 0.239838747055 2.50966996982
34 24 23
2 0 2330 407.260498047 -377.051513672 3 1742 309.667236328 -370.969726563
-0.269750306299 0.172739865048 2.4208613142
72 72 74
2 0 1491 292.437133789 -257.008544922 3 1805 122.126220703 -249.51171875
-0.269626562593 -0.131170090046 2.44100740537
107 107 109
2 0 1885 289.345336914 372.591674805 3 1940 106.030761719 396.921386719
-0.269036635379 0.273947866904 2.41234237368
65 64 66
2 0 1852 296.386108398 -472.417236328 3 1989 128.481445313 -470.040771484
-0.453602522285 0.296232869815 2.19744347887
77 72 69
2 0 2304 -106.51184082 -602.623291016 3 2008 -438.079833984 -600.498046875
-0.104844821507 0.25470431523 2.44547254554
47 36 34
2 0 1716 631.194091797 -424.001220703 3 2030 494.075317383 -420.014160156
-0.181959246375 0.228721147994 2.49612570203
45 34 32
2 0 1443 455.062255859 -358.334472656 3 2091 347.694213867 -350.476318359
-0.145289299275 -0.230702131666 2.50720243124
53 41 41
2 0 1925 527.073120117 557.495117188 3 2096 386.873779297 614.825683594
-0.655987006058 0.175744000831 2.37933855103
79 80 82
2 0 2551 -528.785827637 -271.883300781 3 2130 -661.529724121 -279.745605469
-0.14294660262 0.140817877863 2.47718971798
34 24 23
2 0 1840 539.05480957 -184.729492188 3 2152 412.080810547 -166.80078125
-0.661027080575 0.16101423343 2.3755114997
54 54 56
2 0 2039 -540.953552246 -240.607910156 3 2207 -675.987976074 -250.593017578
-0.164496101638 0.215219291963 2.4841749438
47 37 36
2 0 1654 493.6953125 -333.739990234 3 2261 377.319091797 -324.509277344
-0.120460631481 -0.213603003306 2.49230166767
62 51 51
2 0 2230 582.119018555 528.951049805 3 2373 434.242553711 588.944335938
-0.117901464386 -0.194730727463 2.4899264152
68 57 56
2 0 2389 587.791015625 491.562255859 3 2396 440.20324707 549.664916992
-0.0212378368353 0.118916244256 2.57545248989
45 33 33
2 0 1786 742.996582031 -132.192138672 3 2410 700.116821289 -104.967285156
-0.381679679249 -0.476549222781 2.61791805845
53 43 44
2 0 1603 53.21875 987.956665039 3 2515 -30.505859375 1004.1673584
-0.138571985248 -0.15373599168 2.49905667006
61 49 51
2 1 1666 514.329833984 467.741333008 3 1196 403.624755859 455.127075195
-0.0773131113441 -0.833697262337 8.90738119583
27 28 31
2 2 1487 -729.708740234 408.385620117 3 1185 974.110107422 411.564575195
-0.141253846703 0.0363976545915 2.48356415939
45 34 32
2 2 1652 549.364135742 29.4768066406 3 1283 408.168823242 54.9033203125
-0.352181968187 -0.832203292095 9.09917156047
55 59 69
2 2 2020 -858.815734863 408.259765625 3 1523 852.633789063 392.241210938
-0.0428574655829 -0.804162732448 8.87985711448
37 38 42
2 2 2750 -713.832275391 392.253417969 3 1588 990.194091797 404.787719727
-0.369577999482 -0.891144020138 9.05309764973
55 59 70
2 2 1312 -864.370727539 434.992553711 3 1740 842.561889648 419.503051758
-0.369577999482 -0.891144020138 9.05309764973
55 59 70
2 2 1313 -864.370727539 434.992553711 3 1741 842.561889648 419.503051758
-0.430117351253 -0.408711403541 2.63635102704
43 37 39
2 2 1620 -40.8563232422 897.769042969 3 1755 -98.5520019531 849.72277832
-0.14428321994 0.204940537845 2.473610245
41 31 29
2 2 2795 541.641357422 -298.964111328 3 2048 414.369506836 -304.677490234
